{"level":"info","message":"🚀 CRM Server running on port 5000","service":"crm-api","timestamp":"2025-06-29 12:59:30"}
{"level":"info","message":"📊 Environment: development","service":"crm-api","timestamp":"2025-06-29 12:59:30"}
{"level":"info","message":"🔗 API URL: http://localhost:5000/api","service":"crm-api","timestamp":"2025-06-29 12:59:30"}
{"level":"info","message":"🔒 Security: Enhanced protection enabled","service":"crm-api","timestamp":"2025-06-29 12:59:30"}
{"level":"info","message":"Connected to SQLite database","service":"crm-api","timestamp":"2025-06-29 12:59:30"}
{"level":"info","message":"Default admin user created","service":"crm-api","timestamp":"2025-06-29 12:59:30"}
{"level":"info","message":"Database tables and indexes created successfully","service":"crm-api","timestamp":"2025-06-29 12:59:31"}
{"level":"info","message":"🚀 CRM Server running on port 5000","service":"crm-api","timestamp":"2025-06-29 12:59:57"}
{"level":"info","message":"📊 Environment: development","service":"crm-api","timestamp":"2025-06-29 12:59:57"}
{"level":"info","message":"🔗 API URL: http://localhost:5000/api","service":"crm-api","timestamp":"2025-06-29 12:59:57"}
{"level":"info","message":"🔒 Security: Enhanced protection enabled","service":"crm-api","timestamp":"2025-06-29 12:59:57"}
{"level":"info","message":"Connected to SQLite database","service":"crm-api","timestamp":"2025-06-29 12:59:57"}
{"level":"info","message":"Database tables and indexes created successfully","service":"crm-api","timestamp":"2025-06-29 12:59:57"}
{"level":"info","message":"🚀 CRM Server running on port 5000","service":"crm-api","timestamp":"2025-06-29 13:05:40"}
{"level":"info","message":"📊 Environment: development","service":"crm-api","timestamp":"2025-06-29 13:05:40"}
{"level":"info","message":"🔗 API URL: http://localhost:5000/api","service":"crm-api","timestamp":"2025-06-29 13:05:40"}
{"level":"info","message":"🔒 Security: Enhanced protection enabled","service":"crm-api","timestamp":"2025-06-29 13:05:40"}
{"level":"info","message":"Connected to SQLite database","service":"crm-api","timestamp":"2025-06-29 13:05:40"}
{"level":"info","message":"Database tables and indexes created successfully","service":"crm-api","timestamp":"2025-06-29 13:05:40"}
{"level":"info","message":"🚀 CRM Server running on port 5000","service":"crm-api","timestamp":"2025-06-29 13:09:53"}
{"level":"info","message":"📊 Environment: development","service":"crm-api","timestamp":"2025-06-29 13:09:53"}
{"level":"info","message":"🔗 API URL: http://localhost:5000/api","service":"crm-api","timestamp":"2025-06-29 13:09:53"}
{"level":"info","message":"🔒 Security: Enhanced protection enabled","service":"crm-api","timestamp":"2025-06-29 13:09:53"}
{"level":"error","message":"Error loading workflow rules: Cannot read properties of undefined (reading 'all')","service":"crm-api","stack":"TypeError: Cannot read properties of undefined (reading 'all')\n    at C:\\Users\\ankba\\Desktop\\opensource-crm\\server\\config\\database.js:360:8\n    at new Promise (<anonymous>)\n    at allQuery (C:\\Users\\ankba\\Desktop\\opensource-crm\\server\\config\\database.js:359:10)\n    at loadWorkflowRules (C:\\Users\\ankba\\Desktop\\opensource-crm\\server\\routes\\automation.js:79:25)\n    at initializeAutomationEngine (C:\\Users\\ankba\\Desktop\\opensource-crm\\server\\routes\\automation.js:72:3)\n    at Object.<anonymous> (C:\\Users\\ankba\\Desktop\\opensource-crm\\server\\routes\\automation.js:534:1)\n    at Module._compile (node:internal/modules/cjs/loader:1364:14)\n    at Module._extensions..js (node:internal/modules/cjs/loader:1422:10)\n    at Module.load (node:internal/modules/cjs/loader:1203:32)\n    at Module._load (node:internal/modules/cjs/loader:1019:12)\n    at Module.require (node:internal/modules/cjs/loader:1231:19)\n    at require (node:internal/modules/helpers:177:18)\n    at Object.<anonymous> (C:\\Users\\ankba\\Desktop\\opensource-crm\\server\\index.js:33:26)\n    at Module._compile (node:internal/modules/cjs/loader:1364:14)\n    at Module._extensions..js (node:internal/modules/cjs/loader:1422:10)\n    at Module.load (node:internal/modules/cjs/loader:1203:32)","timestamp":"2025-06-29 13:09:53"}
{"level":"error","message":"Error loading scheduled tasks: Cannot read properties of undefined (reading 'all')","service":"crm-api","stack":"TypeError: Cannot read properties of undefined (reading 'all')\n    at C:\\Users\\ankba\\Desktop\\opensource-crm\\server\\config\\database.js:360:8\n    at new Promise (<anonymous>)\n    at allQuery (C:\\Users\\ankba\\Desktop\\opensource-crm\\server\\config\\database.js:359:10)\n    at loadScheduledTasks (C:\\Users\\ankba\\Desktop\\opensource-crm\\server\\routes\\automation.js:96:25)\n    at initializeAutomationEngine (C:\\Users\\ankba\\Desktop\\opensource-crm\\server\\routes\\automation.js:73:3)\n    at Object.<anonymous> (C:\\Users\\ankba\\Desktop\\opensource-crm\\server\\routes\\automation.js:534:1)\n    at Module._compile (node:internal/modules/cjs/loader:1364:14)\n    at Module._extensions..js (node:internal/modules/cjs/loader:1422:10)\n    at Module.load (node:internal/modules/cjs/loader:1203:32)\n    at Module._load (node:internal/modules/cjs/loader:1019:12)\n    at Module.require (node:internal/modules/cjs/loader:1231:19)\n    at require (node:internal/modules/helpers:177:18)\n    at Object.<anonymous> (C:\\Users\\ankba\\Desktop\\opensource-crm\\server\\index.js:33:26)\n    at Module._compile (node:internal/modules/cjs/loader:1364:14)\n    at Module._extensions..js (node:internal/modules/cjs/loader:1422:10)\n    at Module.load (node:internal/modules/cjs/loader:1203:32)","timestamp":"2025-06-29 13:09:53"}
{"level":"info","message":"Connected to SQLite database","service":"crm-api","timestamp":"2025-06-29 13:09:53"}
{"level":"info","message":"Database tables and indexes created successfully","service":"crm-api","timestamp":"2025-06-29 13:09:53"}
{"level":"info","message":"🚀 CRM Server running on port 5000","service":"crm-api","timestamp":"2025-06-29 13:12:50"}
{"level":"info","message":"📊 Environment: development","service":"crm-api","timestamp":"2025-06-29 13:12:51"}
{"level":"info","message":"🔗 API URL: http://localhost:5000/api","service":"crm-api","timestamp":"2025-06-29 13:12:51"}
{"level":"info","message":"🔒 Security: Enhanced protection enabled","service":"crm-api","timestamp":"2025-06-29 13:12:51"}
{"level":"error","message":"Error loading workflow rules: Cannot read properties of undefined (reading 'all')","service":"crm-api","stack":"TypeError: Cannot read properties of undefined (reading 'all')\n    at C:\\Users\\ankba\\Desktop\\opensource-crm\\server\\config\\database.js:360:8\n    at new Promise (<anonymous>)\n    at allQuery (C:\\Users\\ankba\\Desktop\\opensource-crm\\server\\config\\database.js:359:10)\n    at loadWorkflowRules (C:\\Users\\ankba\\Desktop\\opensource-crm\\server\\routes\\automation.js:79:25)\n    at initializeAutomationEngine (C:\\Users\\ankba\\Desktop\\opensource-crm\\server\\routes\\automation.js:72:3)\n    at Object.<anonymous> (C:\\Users\\ankba\\Desktop\\opensource-crm\\server\\routes\\automation.js:534:1)\n    at Module._compile (node:internal/modules/cjs/loader:1364:14)\n    at Module._extensions..js (node:internal/modules/cjs/loader:1422:10)\n    at Module.load (node:internal/modules/cjs/loader:1203:32)\n    at Module._load (node:internal/modules/cjs/loader:1019:12)\n    at Module.require (node:internal/modules/cjs/loader:1231:19)\n    at require (node:internal/modules/helpers:177:18)\n    at Object.<anonymous> (C:\\Users\\ankba\\Desktop\\opensource-crm\\server\\index.js:33:26)\n    at Module._compile (node:internal/modules/cjs/loader:1364:14)\n    at Module._extensions..js (node:internal/modules/cjs/loader:1422:10)\n    at Module.load (node:internal/modules/cjs/loader:1203:32)","timestamp":"2025-06-29 13:12:51"}
{"level":"error","message":"Error loading scheduled tasks: Cannot read properties of undefined (reading 'all')","service":"crm-api","stack":"TypeError: Cannot read properties of undefined (reading 'all')\n    at C:\\Users\\ankba\\Desktop\\opensource-crm\\server\\config\\database.js:360:8\n    at new Promise (<anonymous>)\n    at allQuery (C:\\Users\\ankba\\Desktop\\opensource-crm\\server\\config\\database.js:359:10)\n    at loadScheduledTasks (C:\\Users\\ankba\\Desktop\\opensource-crm\\server\\routes\\automation.js:96:25)\n    at initializeAutomationEngine (C:\\Users\\ankba\\Desktop\\opensource-crm\\server\\routes\\automation.js:73:3)\n    at Object.<anonymous> (C:\\Users\\ankba\\Desktop\\opensource-crm\\server\\routes\\automation.js:534:1)\n    at Module._compile (node:internal/modules/cjs/loader:1364:14)\n    at Module._extensions..js (node:internal/modules/cjs/loader:1422:10)\n    at Module.load (node:internal/modules/cjs/loader:1203:32)\n    at Module._load (node:internal/modules/cjs/loader:1019:12)\n    at Module.require (node:internal/modules/cjs/loader:1231:19)\n    at require (node:internal/modules/helpers:177:18)\n    at Object.<anonymous> (C:\\Users\\ankba\\Desktop\\opensource-crm\\server\\index.js:33:26)\n    at Module._compile (node:internal/modules/cjs/loader:1364:14)\n    at Module._extensions..js (node:internal/modules/cjs/loader:1422:10)\n    at Module.load (node:internal/modules/cjs/loader:1203:32)","timestamp":"2025-06-29 13:12:51"}
{"level":"info","message":"Connected to SQLite database","service":"crm-api","timestamp":"2025-06-29 13:12:51"}
{"level":"info","message":"Database tables and indexes created successfully","service":"crm-api","timestamp":"2025-06-29 13:12:51"}
{"level":"info","message":"🚀 CRM Server running on port 5000","service":"crm-api","timestamp":"2025-06-29 13:16:09"}
{"level":"info","message":"📊 Environment: development","service":"crm-api","timestamp":"2025-06-29 13:16:09"}
{"level":"info","message":"🔗 API URL: http://localhost:5000/api","service":"crm-api","timestamp":"2025-06-29 13:16:09"}
{"level":"info","message":"🔒 Security: Enhanced protection enabled","service":"crm-api","timestamp":"2025-06-29 13:16:09"}
{"level":"info","message":"Connected to SQLite database","service":"crm-api","timestamp":"2025-06-29 13:16:09"}
{"level":"info","message":"Database tables and indexes created successfully","service":"crm-api","timestamp":"2025-06-29 13:16:09"}
{"level":"info","message":"🚀 CRM Server running on port 5000","service":"crm-api","timestamp":"2025-06-29 13:17:18"}
{"level":"info","message":"📊 Environment: development","service":"crm-api","timestamp":"2025-06-29 13:17:18"}
{"level":"info","message":"🔗 API URL: http://localhost:5000/api","service":"crm-api","timestamp":"2025-06-29 13:17:18"}
{"level":"info","message":"🔒 Security: Enhanced protection enabled","service":"crm-api","timestamp":"2025-06-29 13:17:18"}
{"level":"info","message":"Connected to SQLite database","service":"crm-api","timestamp":"2025-06-29 13:17:18"}
{"level":"info","message":"Database tables and indexes created successfully","service":"crm-api","timestamp":"2025-06-29 13:17:18"}
{"__augmented":true,"code":"SQLITE_ERROR","errno":1,"level":"error","message":"Database query error: SQLITE_ERROR: no such column: avatar","service":"crm-api","stack":"Error: SQLITE_ERROR: no such column: avatar\n--> in Database#get('SELECT id, email, first_name, last_name, role, avatar, created_at FROM users WHERE id = ?', [ 1 ], [Function (anonymous)])\n    at C:\\Users\\ankba\\Desktop\\opensource-crm\\server\\config\\database.js:347:8\n    at new Promise (<anonymous>)\n    at getQuery (C:\\Users\\ankba\\Desktop\\opensource-crm\\server\\config\\database.js:346:10)\n    at C:\\Users\\ankba\\Desktop\\opensource-crm\\server\\routes\\auth.js:120:24\n    at Layer.handle [as handle_request] (C:\\Users\\ankba\\Desktop\\opensource-crm\\node_modules\\express\\lib\\router\\layer.js:95:5)\n    at next (C:\\Users\\ankba\\Desktop\\opensource-crm\\node_modules\\express\\lib\\router\\route.js:149:13)\n    at Route.dispatch (C:\\Users\\ankba\\Desktop\\opensource-crm\\node_modules\\express\\lib\\router\\route.js:119:3)\n    at Layer.handle [as handle_request] (C:\\Users\\ankba\\Desktop\\opensource-crm\\node_modules\\express\\lib\\router\\layer.js:95:5)\n    at C:\\Users\\ankba\\Desktop\\opensource-crm\\node_modules\\express\\lib\\router\\index.js:284:15","timestamp":"2025-06-29 13:18:22"}
{"__augmented":true,"code":"SQLITE_ERROR","errno":1,"level":"error","message":"Database query error: SQLITE_ERROR: no such column: avatar","service":"crm-api","stack":"Error: SQLITE_ERROR: no such column: avatar\n--> in Database#get('SELECT id, email, first_name, last_name, role, avatar, created_at FROM users WHERE id = ?', [ 1 ], [Function (anonymous)])\n    at C:\\Users\\ankba\\Desktop\\opensource-crm\\server\\config\\database.js:347:8\n    at new Promise (<anonymous>)\n    at getQuery (C:\\Users\\ankba\\Desktop\\opensource-crm\\server\\config\\database.js:346:10)\n    at C:\\Users\\ankba\\Desktop\\opensource-crm\\server\\routes\\auth.js:120:24\n    at Layer.handle [as handle_request] (C:\\Users\\ankba\\Desktop\\opensource-crm\\node_modules\\express\\lib\\router\\layer.js:95:5)\n    at next (C:\\Users\\ankba\\Desktop\\opensource-crm\\node_modules\\express\\lib\\router\\route.js:149:13)\n    at Route.dispatch (C:\\Users\\ankba\\Desktop\\opensource-crm\\node_modules\\express\\lib\\router\\route.js:119:3)\n    at Layer.handle [as handle_request] (C:\\Users\\ankba\\Desktop\\opensource-crm\\node_modules\\express\\lib\\router\\layer.js:95:5)\n    at C:\\Users\\ankba\\Desktop\\opensource-crm\\node_modules\\express\\lib\\router\\index.js:284:15","timestamp":"2025-06-29 13:18:22"}
{"level":"info","message":"🚀 CRM Server running on port 5000","service":"crm-api","timestamp":"2025-06-29 13:19:59"}
{"level":"info","message":"📊 Environment: development","service":"crm-api","timestamp":"2025-06-29 13:19:59"}
{"level":"info","message":"🔗 API URL: http://localhost:5000/api","service":"crm-api","timestamp":"2025-06-29 13:19:59"}
{"level":"info","message":"🔒 Security: Enhanced protection enabled","service":"crm-api","timestamp":"2025-06-29 13:19:59"}
{"level":"info","message":"Connected to SQLite database","service":"crm-api","timestamp":"2025-06-29 13:19:59"}
{"level":"info","message":"Added missing avatar column to users table","service":"crm-api","timestamp":"2025-06-29 13:19:59"}
{"level":"info","message":"Database tables and indexes created successfully","service":"crm-api","timestamp":"2025-06-29 13:19:59"}
{"level":"info","message":"🚀 CRM Server running on port 5000","service":"crm-api","timestamp":"2025-06-29 13:21:21"}
{"level":"info","message":"📊 Environment: development","service":"crm-api","timestamp":"2025-06-29 13:21:21"}
{"level":"info","message":"🔗 API URL: http://localhost:5000/api","service":"crm-api","timestamp":"2025-06-29 13:21:21"}
{"level":"info","message":"🔒 Security: Enhanced protection enabled","service":"crm-api","timestamp":"2025-06-29 13:21:21"}
{"level":"info","message":"Connected to SQLite database","service":"crm-api","timestamp":"2025-06-29 13:21:21"}
{"level":"info","message":"Database tables and indexes created successfully","service":"crm-api","timestamp":"2025-06-29 13:21:21"}
{"level":"info","message":"🚀 CRM Server running on port 5000","service":"crm-api","timestamp":"2025-06-29 13:30:10"}
{"level":"info","message":"📊 Environment: development","service":"crm-api","timestamp":"2025-06-29 13:30:10"}
{"level":"info","message":"🔗 API URL: http://localhost:5000/api","service":"crm-api","timestamp":"2025-06-29 13:30:10"}
{"level":"info","message":"🔒 Security: Enhanced protection enabled","service":"crm-api","timestamp":"2025-06-29 13:30:10"}
{"level":"info","message":"Connected to SQLite database","service":"crm-api","timestamp":"2025-06-29 13:30:10"}
{"level":"info","message":"Database tables and indexes created successfully","service":"crm-api","timestamp":"2025-06-29 13:30:10"}
{"level":"info","message":"🚀 CRM Server running on port 5000","service":"crm-api","timestamp":"2025-06-29 13:36:35"}
{"level":"info","message":"📊 Environment: development","service":"crm-api","timestamp":"2025-06-29 13:36:35"}
{"level":"info","message":"🔗 API URL: http://localhost:5000/api","service":"crm-api","timestamp":"2025-06-29 13:36:35"}
{"level":"info","message":"🔒 Security: Enhanced protection enabled","service":"crm-api","timestamp":"2025-06-29 13:36:35"}
{"level":"info","message":"Connected to SQLite database","service":"crm-api","timestamp":"2025-06-29 13:36:35"}
{"level":"info","message":"Database tables and indexes created successfully","service":"crm-api","timestamp":"2025-06-29 13:36:35"}
{"level":"info","message":"🚀 CRM Server running on port 5000","service":"crm-api","timestamp":"2025-06-29 13:38:16"}
{"level":"info","message":"📊 Environment: development","service":"crm-api","timestamp":"2025-06-29 13:38:16"}
{"level":"info","message":"🔗 API URL: http://localhost:5000/api","service":"crm-api","timestamp":"2025-06-29 13:38:16"}
{"level":"info","message":"🔒 Security: Enhanced protection enabled","service":"crm-api","timestamp":"2025-06-29 13:38:16"}
{"level":"info","message":"Connected to SQLite database","service":"crm-api","timestamp":"2025-06-29 13:38:16"}
{"level":"info","message":"Database tables and indexes created successfully","service":"crm-api","timestamp":"2025-06-29 13:38:16"}
{"level":"info","message":"🚀 CRM Server running on port 5000","service":"crm-api","timestamp":"2025-06-29 13:53:29"}
{"level":"info","message":"📊 Environment: development","service":"crm-api","timestamp":"2025-06-29 13:53:29"}
{"level":"info","message":"🔗 API URL: http://localhost:5000/api","service":"crm-api","timestamp":"2025-06-29 13:53:29"}
{"level":"info","message":"🔒 Security: Enhanced protection enabled","service":"crm-api","timestamp":"2025-06-29 13:53:29"}
{"level":"info","message":"Connected to SQLite database","service":"crm-api","timestamp":"2025-06-29 13:53:29"}
{"level":"info","message":"Database tables and indexes created successfully","service":"crm-api","timestamp":"2025-06-29 13:53:29"}
{"level":"info","message":"🚀 CRM Server running on port 5000","service":"crm-api","timestamp":"2025-06-29 13:55:56"}
{"level":"info","message":"📊 Environment: development","service":"crm-api","timestamp":"2025-06-29 13:55:56"}
{"level":"info","message":"🔗 API URL: http://localhost:5000/api","service":"crm-api","timestamp":"2025-06-29 13:55:56"}
{"level":"info","message":"🔒 Security: Enhanced protection enabled","service":"crm-api","timestamp":"2025-06-29 13:55:56"}
{"level":"info","message":"Connected to SQLite database","service":"crm-api","timestamp":"2025-06-29 13:55:56"}
{"level":"info","message":"Database tables and indexes created successfully","service":"crm-api","timestamp":"2025-06-29 13:55:56"}
{"level":"info","message":"🚀 CRM Server running on port 5000","service":"crm-api","timestamp":"2025-06-29 14:12:03"}
{"level":"info","message":"📊 Environment: development","service":"crm-api","timestamp":"2025-06-29 14:12:03"}
{"level":"info","message":"🔗 API URL: http://localhost:5000/api","service":"crm-api","timestamp":"2025-06-29 14:12:03"}
{"level":"info","message":"🔒 Security: Enhanced protection enabled","service":"crm-api","timestamp":"2025-06-29 14:12:03"}
{"level":"info","message":"Connected to SQLite database","service":"crm-api","timestamp":"2025-06-29 14:12:03"}
{"level":"info","message":"Database tables and indexes created successfully","service":"crm-api","timestamp":"2025-06-29 14:12:03"}
{"level":"info","message":"🚀 CRM Server running on port 5000","service":"crm-api","timestamp":"2025-06-29 14:28:58"}
{"level":"info","message":"📊 Environment: development","service":"crm-api","timestamp":"2025-06-29 14:28:58"}
{"level":"info","message":"🔗 API URL: http://localhost:5000/api","service":"crm-api","timestamp":"2025-06-29 14:28:58"}
{"level":"info","message":"🔒 Security: Enhanced protection enabled","service":"crm-api","timestamp":"2025-06-29 14:28:58"}
{"level":"info","message":"Connected to SQLite database","service":"crm-api","timestamp":"2025-06-29 14:28:58"}
{"level":"info","message":"Database tables and indexes created successfully","service":"crm-api","timestamp":"2025-06-29 14:28:58"}
